[2014-02-21 14:53:42] Codeception.INFO: PASSED [] []
[2014-02-21 14:55:49] Codeception.ALERT: Argument 1 passed to Cart\Product\Options\ProductOptionsFactory::__construct() must be an instance of Cart\Product\Product, none given, called in /vagrant/tests/unit/Product/Options/ProductOptionsFactoryTest.php on line 22 and defined [] []
[2014-02-21 14:55:49] Codeception.INFO: # ERROR # [] []
[2014-02-21 14:55:49] Codeception.INFO: PASSED [] []
[2014-02-21 14:56:02] Codeception.ALERT: Cart\Product\Options\ProductOptionsFactory Object (...) does not match expected type "string". [] []
[2014-02-21 14:56:02] Codeception.INFO: # FAILED # [] []
[2014-02-21 14:56:02] Codeception.INFO: PASSED [] []
[2014-02-21 14:56:36] Codeception.INFO: PASSED [] []
[2014-02-21 14:56:51] Codeception.INFO: PASSED [] []
[2014-02-21 15:08:37] Codeception.INFO: PASSED [] []
[2014-02-21 15:08:58] Codeception.INFO: PASSED [] []
[2014-02-21 15:08:59] Codeception.ALERT: Failed asserting that two arrays are equal. [] []
[2014-02-21 15:08:59] Codeception.INFO: # FAILED # [] []
[2014-02-21 15:08:59] Codeception.INFO: PASSED [] []
[2014-02-21 15:08:59] Codeception.ALERT: Method Mockery_0_Cart_Product_Product::getOptions() does not exist on this mock object [] []
[2014-02-21 15:08:59] Codeception.INFO: # ERROR # [] []
[2014-02-21 15:08:59] Codeception.INFO: PASSED [] []
[2014-02-21 15:10:04] Codeception.INFO: PASSED [] []
[2014-02-21 15:10:05] Codeception.ALERT: Failed asserting that two arrays are equal. [] []
[2014-02-21 15:10:05] Codeception.INFO: # FAILED # [] []
[2014-02-21 15:10:05] Codeception.INFO: PASSED [] []
[2014-02-21 15:10:05] Codeception.ALERT: Failed asserting that two arrays are equal. [] []
[2014-02-21 15:10:05] Codeception.INFO: # FAILED # [] []
[2014-02-21 15:10:05] Codeception.INFO: PASSED [] []
[2014-02-21 15:11:18] Codeception.INFO: PASSED [] []
[2014-02-21 15:11:18] Codeception.ALERT: Method Mockery_0_Cart_Product_Product::getBaseOptions() does not exist on this mock object [] []
[2014-02-21 15:11:18] Codeception.INFO: # ERROR # [] []
[2014-02-21 15:11:18] Codeception.INFO: PASSED [] []
[2014-02-21 15:11:18] Codeception.ALERT: Failed asserting that two arrays are equal. [] []
[2014-02-21 15:11:18] Codeception.INFO: # FAILED # [] []
[2014-02-21 15:11:18] Codeception.INFO: PASSED [] []
[2014-02-21 15:11:35] Codeception.INFO: PASSED [] []
[2014-02-21 15:11:36] Codeception.INFO: PASSED [] []
[2014-02-21 15:11:36] Codeception.ALERT: Failed asserting that two arrays are equal. [] []
[2014-02-21 15:11:36] Codeception.INFO: # FAILED # [] []
[2014-02-21 15:11:36] Codeception.INFO: PASSED [] []
[2014-02-21 15:18:29] Codeception.INFO: PASSED [] []
[2014-02-21 15:18:29] Codeception.INFO: PASSED [] []
[2014-02-21 15:18:29] Codeception.ALERT: Failed asserting that false is true. [] []
[2014-02-21 15:18:29] Codeception.INFO: # FAILED # [] []
[2014-02-21 15:18:29] Codeception.INFO: PASSED [] []
[2014-02-21 15:21:44] Codeception.INFO: PASSED [] []
[2014-02-21 15:21:45] Codeception.INFO: PASSED [] []
[2014-02-21 15:21:45] Codeception.ALERT: Failed asserting that false is true. [] []
[2014-02-21 15:21:45] Codeception.INFO: # FAILED # [] []
[2014-02-21 15:21:45] Codeception.INFO: PASSED [] []
[2014-02-21 15:22:03] Codeception.INFO: PASSED [] []
[2014-02-21 15:22:03] Codeception.INFO: PASSED [] []
[2014-02-21 15:22:03] Codeception.ALERT: Failed asserting that two arrays are equal. [] []
[2014-02-21 15:22:03] Codeception.INFO: # FAILED # [] []
[2014-02-21 15:22:03] Codeception.INFO: PASSED [] []
[2014-02-21 15:26:05] Codeception.INFO: PASSED [] []
[2014-02-21 15:26:05] Codeception.ALERT: array_map() expects at least 2 parameters, 1 given [] []
[2014-02-21 15:26:05] Codeception.INFO: # ERROR # [] []
[2014-02-21 15:26:05] Codeception.INFO: PASSED [] []
[2014-02-21 15:26:06] Codeception.ALERT: array_map() expects at least 2 parameters, 1 given [] []
[2014-02-21 15:26:06] Codeception.INFO: # ERROR # [] []
[2014-02-21 15:26:06] Codeception.INFO: PASSED [] []
[2014-02-21 15:27:04] Codeception.INFO: PASSED [] []
[2014-02-21 15:27:04] Codeception.INFO: PASSED [] []
[2014-02-21 15:27:04] Codeception.INFO: PASSED [] []
[2014-02-21 15:27:56] Codeception.INFO: PASSED [] []
[2014-02-21 15:27:56] Codeception.INFO: PASSED [] []
[2014-02-21 15:27:56] Codeception.INFO: PASSED [] []
[2014-02-21 15:28:45] Codeception.INFO: PASSED [] []
[2014-02-21 15:28:45] Codeception.INFO: PASSED [] []
[2014-02-21 15:28:45] Codeception.ALERT: Only variables should be passed by reference [] []
[2014-02-21 15:28:45] Codeception.INFO: # ERROR # [] []
[2014-02-21 15:28:45] Codeception.INFO: PASSED [] []
[2014-02-21 15:32:48] Codeception.INFO: PASSED [] []
[2014-02-21 15:32:48] Codeception.INFO: PASSED [] []
[2014-02-21 15:32:48] Codeception.INFO: PASSED [] []
[2014-02-21 15:32:57] Codeception.INFO: PASSED [] []
[2014-02-21 15:32:57] Codeception.INFO: PASSED [] []
[2014-02-21 15:32:57] Codeception.INFO: PASSED [] []
[2014-02-21 15:33:05] Codeception.INFO: PASSED [] []
[2014-02-21 15:33:05] Codeception.INFO: PASSED [] []
[2014-02-21 15:33:05] Codeception.INFO: PASSED [] []
[2014-02-21 15:33:05] Codeception.ALERT: Argument 1 passed to Cart\Product\Options\VariantOptionsFactory::__construct() must be an instance of Cart\Product\Variant, instance of Cart\Product\Product given, called in /vagrant/tests/unit/Product/Options/VariantOptionsFactoryTest.php on line 18 and defined [] []
[2014-02-21 15:33:05] Codeception.INFO: # ERROR # [] []
[2014-02-21 15:33:05] Codeception.INFO: PASSED [] []
[2014-02-21 15:33:39] Codeception.INFO: PASSED [] []
[2014-02-21 15:33:40] Codeception.INFO: PASSED [] []
[2014-02-21 15:33:40] Codeception.INFO: PASSED [] []
[2014-02-21 15:33:40] Codeception.INFO: PASSED [] []
[2014-02-21 15:37:14] Codeception.INFO: PASSED [] []
[2014-02-21 15:37:15] Codeception.INFO: PASSED [] []
[2014-02-21 15:37:15] Codeception.INFO: PASSED [] []
[2014-02-21 15:37:15] Codeception.INFO: PASSED [] []
[2014-02-21 15:37:15] Codeception.ALERT: Argument 1 passed to Cart\Product\Options\VariantOptionsFactory::create() must be an instance of Cart\Product\Product, instance of Mockery_1__Cart_Products_Product given, called in /vagrant/tests/unit/Product/Options/VariantOptionsFactoryTest.php on line 22 and defined [] []
[2014-02-21 15:37:15] Codeception.INFO: # ERROR # [] []
[2014-02-21 15:37:15] Codeception.INFO: PASSED [] []
[2014-02-21 15:37:57] Codeception.INFO: PASSED [] []
[2014-02-21 15:37:58] Codeception.INFO: PASSED [] []
[2014-02-21 15:37:58] Codeception.INFO: PASSED [] []
[2014-02-21 15:37:58] Codeception.INFO: PASSED [] []
[2014-02-21 15:37:58] Codeception.ALERT: Argument 1 passed to Cart\Product\Options\VariantOptionsFactory::create() must be an instance of Cart\Product\Product, instance of Mockery_1__Cart_Products_Product given, called in /vagrant/tests/unit/Product/Options/VariantOptionsFactoryTest.php on line 22 and defined [] []
[2014-02-21 15:37:58] Codeception.INFO: # ERROR # [] []
[2014-02-21 15:37:58] Codeception.INFO: PASSED [] []
[2014-02-21 15:38:19] Codeception.INFO: PASSED [] []
[2014-02-21 15:38:20] Codeception.INFO: PASSED [] []
[2014-02-21 15:38:20] Codeception.INFO: PASSED [] []
[2014-02-21 15:38:20] Codeception.INFO: PASSED [] []
[2014-02-21 15:38:20] Codeception.INFO: PASSED [] []
[2014-02-21 15:38:43] Codeception.INFO: PASSED [] []
[2014-02-21 15:38:43] Codeception.INFO: PASSED [] []
[2014-02-21 15:38:43] Codeception.INFO: PASSED [] []
[2014-02-21 15:38:43] Codeception.INFO: PASSED [] []
[2014-02-21 15:38:43] Codeception.ALERT: Failed asserting that two arrays are equal. [] []
[2014-02-21 15:38:43] Codeception.INFO: # FAILED # [] []
[2014-02-21 15:38:43] Codeception.INFO: PASSED [] []
[2014-02-21 15:38:58] Codeception.INFO: PASSED [] []
[2014-02-21 15:38:58] Codeception.INFO: PASSED [] []
[2014-02-21 15:38:58] Codeception.INFO: PASSED [] []
[2014-02-21 15:38:58] Codeception.INFO: PASSED [] []
[2014-02-21 15:38:58] Codeception.ALERT: Cart\Product\Options\Options Object (...) does not match expected type "array". [] []
[2014-02-21 15:38:58] Codeception.INFO: # FAILED # [] []
[2014-02-21 15:38:58] Codeception.INFO: PASSED [] []
[2014-02-21 15:39:18] Codeception.INFO: PASSED [] []
[2014-02-21 15:39:18] Codeception.INFO: PASSED [] []
[2014-02-21 15:39:18] Codeception.INFO: PASSED [] []
[2014-02-21 15:39:18] Codeception.INFO: PASSED [] []
[2014-02-21 15:39:18] Codeception.INFO: PASSED [] []
[2014-02-21 15:41:25] Codeception.INFO: PASSED [] []
[2014-02-21 15:41:25] Codeception.INFO: PASSED [] []
[2014-02-21 15:41:25] Codeception.INFO: PASSED [] []
[2014-02-21 15:41:25] Codeception.INFO: PASSED [] []
[2014-02-21 15:41:25] Codeception.INFO: PASSED [] []
[2014-02-21 15:41:25] Codeception.INFO: PASSED [] []
[2014-02-21 15:41:50] Codeception.INFO: PASSED [] []
[2014-02-21 15:41:50] Codeception.INFO: PASSED [] []
[2014-02-21 15:41:50] Codeception.INFO: PASSED [] []
[2014-02-21 15:41:50] Codeception.INFO: PASSED [] []
[2014-02-21 15:41:50] Codeception.INFO: PASSED [] []
[2014-02-21 15:41:50] Codeception.INFO: PASSED [] []
[2014-02-21 15:45:29] Codeception.INFO: PASSED [] []
[2014-02-21 15:45:29] Codeception.INFO: PASSED [] []
[2014-02-21 15:45:30] Codeception.INFO: PASSED [] []
[2014-02-21 15:45:30] Codeception.INFO: PASSED [] []
[2014-02-21 15:45:30] Codeception.INFO: PASSED [] []
[2014-02-21 15:45:30] Codeception.INFO: PASSED [] []
[2014-02-21 15:45:30] Codeception.ALERT: Failed asserting that Array (
    'cat' => 'woof'
    'dog' => 'meow'
) is not equal to Array (
    'cat' => 'woof'
    'dog' => 'meow'
). [] []
[2014-02-21 15:45:30] Codeception.INFO: # FAILED # [] []
[2014-02-21 15:45:30] Codeception.INFO: PASSED [] []
[2014-02-21 15:45:55] Codeception.INFO: PASSED [] []
[2014-02-21 15:45:55] Codeception.INFO: PASSED [] []
[2014-02-21 15:45:55] Codeception.INFO: PASSED [] []
[2014-02-21 15:45:56] Codeception.INFO: PASSED [] []
[2014-02-21 15:45:56] Codeception.INFO: PASSED [] []
[2014-02-21 15:45:56] Codeception.INFO: PASSED [] []
[2014-02-21 15:45:56] Codeception.INFO: PASSED [] []
[2014-02-21 15:49:48] Codeception.INFO: PASSED [] []
[2014-02-21 15:49:48] Codeception.INFO: PASSED [] []
[2014-02-21 15:49:48] Codeception.INFO: PASSED [] []
[2014-02-21 15:49:48] Codeception.INFO: PASSED [] []
[2014-02-21 15:49:48] Codeception.INFO: PASSED [] []
[2014-02-21 15:49:48] Codeception.INFO: PASSED [] []
[2014-02-21 15:49:48] Codeception.INFO: PASSED [] []
[2014-02-21 15:49:48] Codeception.INFO: PASSED [] []
[2014-02-21 15:51:35] Codeception.INFO: PASSED [] []
[2014-02-21 15:51:36] Codeception.INFO: PASSED [] []
[2014-02-21 15:51:36] Codeception.INFO: PASSED [] []
[2014-02-21 15:51:36] Codeception.INFO: PASSED [] []
[2014-02-21 15:51:36] Codeception.INFO: PASSED [] []
[2014-02-21 15:51:36] Codeception.INFO: PASSED [] []
[2014-02-21 15:51:36] Codeception.INFO: PASSED [] []
[2014-02-21 15:51:36] Codeception.INFO: PASSED [] []
[2014-02-21 15:51:36] Codeception.INFO: PASSED [] []
[2014-02-21 15:51:36] Codeception.INFO: PASSED [] []
